<?xml version="1.0" encoding="UTF-8"?>
<testng-results ignored="0" total="1" passed="1" failed="0" skipped="0">
  <reporter-output>
  </reporter-output>
  <suite started-at="2023-07-23T02:09:05 IST" name="Suite" finished-at="2023-07-23T02:09:21 IST" duration-ms="16689">
    <groups>
    </groups>
    <test started-at="2023-07-23T02:09:05 IST" name="Test" finished-at="2023-07-23T02:09:21 IST" duration-ms="16689">
      <class name="qa.test.Testcase1">
        <test-method is-config="true" signature="beforeTestMethod()[pri:0, instance:qa.test.Testcase1@3bf7ca37]" started-at="2023-07-23T02:09:05 IST" name="beforeTestMethod" finished-at="2023-07-23T02:09:05 IST" duration-ms="344" status="PASS">
          <reporter-output>
          </reporter-output>
        </test-method> <!-- beforeTestMethod -->
        <test-method is-config="true" signature="beforeMethod(java.lang.String,java.lang.reflect.Method)[pri:0, instance:qa.test.Testcase1@3bf7ca37]" started-at="2023-07-23T02:09:05 IST" name="beforeMethod" finished-at="2023-07-23T02:09:13 IST" duration-ms="7693" status="PASS">
          <params>
            <param index="0">
              <value>
                <![CDATA[chrome]]>
              </value>
            </param>
            <param index="1">
              <value>
                <![CDATA[public void qa.test.Testcase1.LoginTestCase01()]]>
              </value>
            </param>
          </params>
          <reporter-output>
          </reporter-output>
        </test-method> <!-- beforeMethod -->
        <test-method signature="LoginTestCase01()[pri:0, instance:qa.test.Testcase1@3bf7ca37]" started-at="2023-07-23T02:09:13 IST" name="LoginTestCase01" finished-at="2023-07-23T02:09:20 IST" duration-ms="7286" status="PASS">
          <reporter-output>
          </reporter-output>
        </test-method> <!-- LoginTestCase01 -->
        <test-method is-config="true" signature="afterMethod(org.testng.ITestResult)[pri:0, instance:qa.test.Testcase1@3bf7ca37]" started-at="2023-07-23T02:09:20 IST" name="afterMethod" finished-at="2023-07-23T02:09:21 IST" duration-ms="510" status="PASS">
          <params>
            <param index="0">
              <value>
                <![CDATA[[TestResult name=LoginTestCase01 status=SUCCESS method=Testcase1.LoginTestCase01()[pri:0, instance:qa.test.Testcase1@3bf7ca37] output={null}]]]>
              </value>
            </param>
          </params>
          <reporter-output>
          </reporter-output>
        </test-method> <!-- afterMethod -->
        <test-method is-config="true" signature="afterTest()[pri:0, instance:qa.test.Testcase1@3bf7ca37]" started-at="2023-07-23T02:09:21 IST" name="afterTest" finished-at="2023-07-23T02:09:21 IST" duration-ms="772" status="PASS">
          <reporter-output>
          </reporter-output>
        </test-method> <!-- afterTest -->
      </class> <!-- qa.test.Testcase1 -->
    </test> <!-- Test -->
  </suite> <!-- Suite -->
</testng-results>
